<?xml version="1.0" encoding="UTF-8"?>
<!-- Generated by org.testng.reporters.JUnitXMLReporter -->
<testsuite hostname="Naveens-MacBook-Pro.local" name="MyTest" tests="45" failures="0" timestamp="31 Mar 2017 06:47:26 GMT" time="15.572" errors="0">
  <testcase name="testCompleteness" time="9.955" classname="com.logic.prover.CognitiveCalculusProverTests"/>
  <testcase name="testCompleteness" time="0.129" classname="com.logic.prover.CognitiveCalculusProverTests"/>
  <testcase name="testCompleteness" time="0.03" classname="com.logic.prover.CognitiveCalculusProverTests"/>
  <testcase name="testCompleteness" time="0.101" classname="com.logic.prover.CognitiveCalculusProverTests"/>
  <testcase name="testCompleteness" time="0.163" classname="com.logic.prover.CognitiveCalculusProverTests"/>
  <testcase name="testCompleteness" time="0.121" classname="com.logic.prover.CognitiveCalculusProverTests"/>
  <testcase name="testCompleteness" time="0.037" classname="com.logic.prover.CognitiveCalculusProverTests"/>
  <testcase name="testCompleteness" time="0.088" classname="com.logic.prover.CognitiveCalculusProverTests"/>
  <testcase name="testCompleteness" time="0.038" classname="com.logic.prover.CognitiveCalculusProverTests"/>
  <testcase name="testCompleteness" time="0.072" classname="com.logic.prover.CognitiveCalculusProverTests"/>
  <testcase name="testCompleteness" time="0.032" classname="com.logic.prover.CognitiveCalculusProverTests"/>
  <testcase name="testCompleteness" time="0.029" classname="com.logic.prover.CognitiveCalculusProverTests"/>
  <testcase name="testCompleteness" time="0.008" classname="com.logic.prover.CognitiveCalculusProverTests"/>
  <testcase name="testCompleteness" time="0.096" classname="com.logic.prover.CognitiveCalculusProverTests"/>
  <testcase name="testCompleteness" time="0.086" classname="com.logic.prover.CognitiveCalculusProverTests"/>
  <testcase name="testCompleteness" time="0.105" classname="com.logic.prover.CognitiveCalculusProverTests"/>
  <testcase name="testCompleteness" time="0.033" classname="com.logic.prover.CognitiveCalculusProverTests"/>
  <testcase name="testCompleteness" time="0.033" classname="com.logic.prover.CognitiveCalculusProverTests"/>
  <testcase name="testCompleteness" time="0.93" classname="com.logic.prover.CognitiveCalculusProverTests"/>
  <testcase name="testCompleteness" time="0.056" classname="com.logic.prover.CognitiveCalculusProverTests"/>
  <testcase name="testCompleteness" time="0.023" classname="com.logic.prover.CognitiveCalculusProverTests"/>
  <testcase name="testCompleteness" time="0.024" classname="com.logic.prover.CognitiveCalculusProverTests"/>
  <testcase name="testCompleteness" time="0.031" classname="com.logic.prover.CognitiveCalculusProverTests"/>
  <testcase name="testCompleteness" time="0.032" classname="com.logic.prover.CognitiveCalculusProverTests"/>
  <testcase name="testCompleteness" time="0.043" classname="com.logic.prover.CognitiveCalculusProverTests"/>
  <testcase name="testCompleteness" time="0.029" classname="com.logic.prover.CognitiveCalculusProverTests"/>
  <testcase name="testCompleteness" time="0.018" classname="com.logic.prover.CognitiveCalculusProverTests"/>
  <testcase name="testCompleteness" time="0.015" classname="com.logic.prover.CognitiveCalculusProverTests"/>
  <testcase name="testCompleteness" time="0.014" classname="com.logic.prover.CognitiveCalculusProverTests"/>
  <testcase name="testCompleteness" time="0.019" classname="com.logic.prover.CognitiveCalculusProverTests"/>
  <testcase name="testCompleteness" time="0.02" classname="com.logic.prover.CognitiveCalculusProverTests"/>
  <testcase name="testCompleteness" time="0.029" classname="com.logic.prover.CognitiveCalculusProverTests"/>
  <testcase name="testCompleteness" time="0.476" classname="com.logic.prover.CognitiveCalculusProverTests"/>
  <testcase name="testCompleteness" time="0.367" classname="com.logic.prover.CognitiveCalculusProverTests"/>
  <testcase name="testCompleteness" time="0.05" classname="com.logic.prover.CognitiveCalculusProverTests"/>
  <testcase name="testCompleteness" time="0.024" classname="com.logic.prover.CognitiveCalculusProverTests"/>
  <testcase name="testCompleteness" time="1.395" classname="com.logic.prover.CognitiveCalculusProverTests"/>
  <testcase name="testCompleteness" time="0.051" classname="com.logic.prover.CognitiveCalculusProverTests"/>
  <testcase name="testCompleteness" time="0.072" classname="com.logic.prover.CognitiveCalculusProverTests"/>
  <testcase name="testCompleteness" time="0.099" classname="com.logic.prover.CognitiveCalculusProverTests"/>
  <testcase name="testSoundess" time="0.016" classname="com.logic.prover.CognitiveCalculusProverTests"/>
  <testcase name="testSoundess" time="0.105" classname="com.logic.prover.CognitiveCalculusProverTests"/>
  <testcase name="testSoundess" time="0.099" classname="com.logic.prover.CognitiveCalculusProverTests"/>
  <testcase name="testSoundess" time="0.102" classname="com.logic.prover.CognitiveCalculusProverTests"/>
  <testcase name="testSoundess" time="0.129" classname="com.logic.prover.CognitiveCalculusProverTests"/>
</testsuite> <!-- MyTest -->
